Removed Pin From Net: NetName=GPIO8/UART1_TX Pin=P1-2
Removed Pin From Net: NetName=GPIO9/UART1_RX Pin=P1-3
Removed Pin From Net: NetName=GPIO10/UART1_CTS Pin=P1-4
Removed Pin From Net: NetName=GPIO11/UART1_RTS Pin=P1-5
Removed Pin From Net: NetName=GPIO12 Pin=P1-6
Removed Pin From Net: NetName=GPIO27/ADC1 Pin=P1-7
Removed Pin From Net: NetName=GPIO28/ADC2 Pin=P1-8
Removed Pin From Net: NetName=GPIO29/ADC3 Pin=P1-9
Removed Pin From Net: NetName=RUN Pin=P1-10
Removed Pin From Net: NetName=GND Pin=P1-11
Change Component Footprint: Designator=P1 Old Footprint=HDR1X11 New Footprint=HDR1X4
Change Component Comment : Designator=P1 Old Comment=Header 11 New Comment=Header 4
Change Managed Component Library Link : Designator=P1 Old VaultGUID= New VaultGUID=6565B1FD-AFCD-4CA7-A0D5-5068FAC846C3 Old ItemGUID= New ItemGUID=E0887309-9C31-4620-B5DD-3A08D6BB0936 Old RevisionGUID= New RevisionGUID=8C7B1E34-EB81-4B1C-902E-42423B17E92F
Change component parameters: Designator = "P1" ("P1"); Footprint = "HDR1X11"; UniqueID = "\IRXBKCQI" ("\IRXBKCQI")
Change component parameters (AddParameter): Name = "Component Type"; Value = "Standard"; VariantName = "[No Variations]"
Change component parameters (AddParameter): Name = "Design Item ID"; Value = "Header 4"; VariantName = "[No Variations]"
Change component parameters (AddParameter): Name = "LatestRevisionDate"; Value = "17-Jul-2002"; VariantName = "[No Variations]"
Change component parameters (AddParameter): Name = "LatestRevisionNote"; Value = "Re-released for DXP Platform."; VariantName = "[No Variations]"
Change component parameters (AddParameter): Name = "Pin Count"; Value = "4"; VariantName = "[No Variations]"
Change component parameters (AddParameter): Name = "Publisher"; Value = "Altium Limited"; VariantName = "[No Variations]"
Change component parameters (AddParameter): Name = "Source"; Value = "Miscellaneous Connectors.SchLib"; VariantName = "[No Variations]"
Added Pin To Net: NetName=GPIO12 Pin=P1-2
Added Pin To Net: NetName=RUN Pin=P1-3
Added Pin To Net: NetName=GND Pin=P1-4
Added Member To Class: ClassName=RemoteMain Member=Component C7 CL05B104KO5NNNC
Added Member To Class: ClassName=RemoteMain Member=Component C8 CL05B104KO5NNNC
Added Member To Class: ClassName=RemoteMain Member=Component R6 0603WAF1003T5E
