Added Component: Designator=BLueTooth Board(mikroBUS - Large)
Add component (AddParameter): Name = "Case/Package"; Value = ""; VariantName = "[No Variations]"
Add component (AddParameter): Name = "Current Rating"; Value = ""; VariantName = "[No Variations]"
Add component (AddParameter): Name = "Design Item ID"; Value = "mikroBUS compatible add-on board"; VariantName = "[No Variations]"
Add component (AddParameter): Name = "Max Operating Temperature"; Value = ""; VariantName = "[No Variations]"
Add component (AddParameter): Name = "Min Operating Temperature"; Value = ""; VariantName = "[No Variations]"
Add component (AddParameter): Name = "Mounting Technology"; Value = ""; VariantName = "[No Variations]"
Add component (AddParameter): Name = "Pins"; Value = ""; VariantName = "[No Variations]"
Add component (AddParameter): Name = "RoHS Compliant"; Value = ""; VariantName = "[No Variations]"
Add component (AddParameter): Name = "Source"; Value = "mikroBUS_Add-on_standard.SchLib"; VariantName = "[No Variations]"
Add component (AddParameter): Name = "Throw Configuration"; Value = ""; VariantName = "[No Variations]"
Add component (AddParameter): Name = "Voltage Rating"; Value = ""; VariantName = "[No Variations]"
Added Component: Designator=L1(JCU Logo Without Text)
Add component (AddParameter): Name = "Component Type"; Value = "Standard"; VariantName = "[No Variations]"
Add component (AddParameter): Name = "Design Item ID"; Value = "JCU-LOGO"; VariantName = "[No Variations]"
Add component (AddParameter): Name = "Pin Count"; Value = "0"; VariantName = "[No Variations]"
Add component (AddParameter): Name = "Source"; Value = "JCULibrary.SchLib"; VariantName = "[No Variations]"
Added Pin To Net: NetName=GND Pin=BLueTooth Board-8
Added Pin To Net: NetName=GND Pin=BLueTooth Board-9
Added Pin To Net: NetName=VCC Pin=BLueTooth Board-7
Added Net: Name=VCC
Added Member To Class: ClassName=RemoteMain Member=Component BLueTooth Board RN4871 CLICK
Added Member To Class: ClassName=RemoteMain Member=Component L1 JCU-LOGO
Added Rule: Name=Schematic Supply Nets
Added Rule: Name=Schematic Supply Nets_1
Added Rule: Name=Schematic Supply Nets_2
Added Rule: Name=Schematic Supply Nets_3
Added Rule: Name=Schematic Supply Nets_4
