Removed Pin From Net: NetName=GND Pin=C24-1
Removed Pin From Net: NetName=GND Pin=C25-1
Removed Pin From Net: NetName=GND Pin=C26-1
Removed Pin From Net: NetName=GND Pin=C27-1
Removed Pin From Net: NetName=GND Pin=C28-1
Removed Pin From Net: NetName=GND Pin=C29-1
Removed Pin From Net: NetName=GND Pin=C30-1
Removed Pin From Net: NetName=GND Pin=C31-1
Removed Pin From Net: NetName=GND Pin=C32-1
Removed Pin From Net: NetName=GND Pin=C33-1
Removed Pin From Net: NetName=GND Pin=C34-1
Removed Pin From Net: NetName=GND Pin=C35-1
Removed Pin From Net: NetName=5V Pin=D1-2
Removed Pin From Net: NetName=GND Pin=DS1-3
Removed Pin From Net: NetName=GND Pin=DS2-3
Removed Pin From Net: NetName=GND Pin=DS3-3
Removed Pin From Net: NetName=GND Pin=DS4-3
Removed Pin From Net: NetName=GND Pin=DS5-3
Removed Pin From Net: NetName=GND Pin=DS6-3
Removed Pin From Net: NetName=GND Pin=DS7-3
Removed Pin From Net: NetName=GND Pin=DS8-3
Removed Pin From Net: NetName=GND Pin=DS9-3
Removed Pin From Net: NetName=GND Pin=DS10-3
Removed Pin From Net: NetName=GND Pin=DS11-3
Removed Pin From Net: NetName=GND Pin=DS12-3
Removed Member From Class: ClassName=Main Member=R9
Removed Member From Class: ClassName=Sensors Member=R16
Change Class Name : Old Net Name=Main New Net Name=RemoteMain
Change Class Name : Old Net Name=Sensors New Net Name=RemoteSensors
Added Member To Class: ClassName=RemoteSensors Member=Component C21 CL10A106KP8NNNC
Added Member To Class: ClassName=RemoteMain Member=Component R1 0603WAF1002T5E
Added Member To Class: ClassName=RemoteMain Member=Component R2 0402WGF1001TCE
Added Member To Class: ClassName=RemoteMain Member=Component R3 0603WAF270JT5E
Added Member To Class: ClassName=RemoteMain Member=Component R5 0603WAF270JT5E
Added Member To Class: ClassName=RemoteMain Member=Component R6 0603WAF1003T5E
Added Member To Class: ClassName=RemoteSensors Member=Component R7 0603WAF4701T5E
Added Member To Class: ClassName=RemoteSensors Member=Component R8 0603WAF4701T5E
Added Member To Class: ClassName=RemoteSensors Member=Component R10 0603WAF2203T5E
Added Member To Class: ClassName=RemoteSensors Member=Component R11 0603WAF3301T5E
Added Member To Class: ClassName=RemoteSensors Member=Component R12 0603WAF1003T5E
Added Member To Class: ClassName=RemoteSensors Member=Component R13 0603WAF1003T5E
Added Rule: Name=Schematic Supply Nets
Added Rule: Name=Schematic Supply Nets_1
Added Rule: Name=Schematic Supply Nets_2
Added Rule: Name=Schematic Supply Nets_3
